2025/10/20 23:30:25 🎥 视频重新包装工具 v1.0.0
2025/10/20 23:30:25 ✨ 作者: AI Assistant
2025/10/20 23:30:25 🔧 开始初始化...
2025/10/20 23:30:25 📂 扫描目录: /Users/nyamiiko/Documents/git/测试文件/闷茶子 原图_video_test
2025/10/20 23:30:25 ✅ 找到 3 个支持的视频文件
2025/10/20 23:30:25 ⚡ 启动处理进程 (工作线程: 10)
2025/10/20 23:30:25 🔄 开始处理: VIDEO_20230627_072411.mp4
2025/10/20 23:30:25 🔄 开始重新包装 VIDEO_20230627_072411.mp4 (尝试 1/3)
2025/10/20 23:30:25 🔄 开始处理: QQ视频_79a995c4463eb8a258b386a0511953e51688178171.mp4
2025/10/20 23:30:25 🔄 开始重新包装 QQ视频_79a995c4463eb8a258b386a0511953e51688178171.mp4 (尝试 1/3)
2025/10/20 23:30:25 🔄 开始处理: tEZZGOeggx086urYozKw010412003vE90E010.mp4
2025/10/20 23:30:25 🔄 开始重新包装 tEZZGOeggx086urYozKw010412003vE90E010.mp4 (尝试 1/3)
2025/10/20 23:30:25 📋 元数据复制成功: tEZZGOeggx086urYozKw010412003vE90E010.mp4
2025/10/20 23:30:25 ✅ 重新包装完成: tEZZGOeggx086urYozKw010412003vE90E010.mp4 -> tEZZGOeggx086urYozKw010412003vE90E010.mov
2025/10/20 23:30:25 🗑️  已删除原始文件: tEZZGOeggx086urYozKw010412003vE90E010.mp4
2025/10/20 23:30:25 📋 元数据复制成功: QQ视频_79a995c4463eb8a258b386a0511953e51688178171.mp4
2025/10/20 23:30:25 ✅ 重新包装完成: QQ视频_79a995c4463eb8a258b386a0511953e51688178171.mp4 -> QQ视频_79a995c4463eb8a258b386a0511953e51688178171.mov
2025/10/20 23:30:25 🗑️  已删除原始文件: QQ视频_79a995c4463eb8a258b386a0511953e51688178171.mp4
2025/10/20 23:30:25 📋 元数据复制成功: VIDEO_20230627_072411.mp4
2025/10/20 23:30:25 ✅ 重新包装完成: VIDEO_20230627_072411.mp4 -> VIDEO_20230627_072411.mov
2025/10/20 23:30:25 🗑️  已删除原始文件: VIDEO_20230627_072411.mp4
2025/10/20 23:30:25 🎉 所有文件处理完成
2025/10/20 23:30:25 ⏱️  总处理时间: 585.263125ms
2025/10/20 23:30:25 🎯 ===== 详细处理摘要 =====
2025/10/20 23:30:25 📊 总处理时间: 585.263125ms
2025/10/20 23:30:25 📈 平均处理时间: 195.087708ms
2025/10/20 23:30:25 🎥 .mp4格式: 3个文件, 成功率100.0%, 平均压缩率-0.1%
2025/10/20 23:30:25 ⏱️  处理时间最长的文件:
2025/10/20 23:30:25    🐌 VIDEO_20230627_072411.mp4: 580.605042ms
2025/10/20 23:30:25    🐌 QQ视频_79a995c4463eb8a258b386a0511953e51688178171.mp4: 574.888083ms
2025/10/20 23:30:25    🐌 tEZZGOeggx086urYozKw010412003vE90E010.mp4: 573.575834ms
2025/10/20 23:30:25 📊 文件数量验证:
2025/10/20 23:30:25    原始视频文件数: 3
2025/10/20 23:30:25    成功重新包装视频: 3
2025/10/20 23:30:25    重新包装失败/跳过: 0
2025/10/20 23:30:25    ---
2025/10/20 23:30:25    期望MOV文件数: 3
2025/10/20 23:30:25    实际MOV文件数: 0
2025/10/20 23:30:25    ---
2025/10/20 23:30:25    期望剩余视频文件数: 0
2025/10/20 23:30:25    实际剩余视频文件数: 3
2025/10/20 23:30:25 ❌ 文件数量验证失败。
2025/10/20 23:30:25    MOV文件数不匹配 (实际: 0, 期望: 3)
2025/10/20 23:30:25    剩余视频文件数不匹配 (实际: 3, 期望: 0)
2025/10/20 23:30:25 🎯 ===== 处理摘要 =====
2025/10/20 23:30:25 ✅ 成功重新包装视频: 3
2025/10/20 23:30:25 ❌ 重新包装失败视频: 0
2025/10/20 23:30:25 📄 跳过其他文件: 0
2025/10/20 23:30:25 📊 ===== 大小统计 =====
2025/10/20 23:30:25 📥 原始总大小: 2.88 MB
2025/10/20 23:30:25 📤 重新包装后大小: 2.88 MB
2025/10/20 23:30:25 💾 节省空间: -0.00 MB (压缩率: 100.1%)
2025/10/20 23:30:25 🎉 ===== 处理完成 =====
2025/10/20 23:35:25 🎥 视频重新包装工具 v1.0.0
2025/10/20 23:35:25 ✨ 作者: AI Assistant
2025/10/20 23:35:25 🔧 开始初始化...
2025/10/20 23:35:25 📂 扫描目录: /Users/nyamiiko/Documents/git/测试文件/闷茶子 原图_video_test
2025/10/20 23:35:25 ✅ 找到 0 个支持的视频文件
2025/10/20 23:35:25 ⚠️  没有找到支持的视频文件
2025/10/20 23:35:25 ⏱️  总处理时间: 3.820667ms
2025/10/20 23:35:25 🎯 ===== 详细处理摘要 =====
2025/10/20 23:35:25 📊 总处理时间: 3.820667ms
2025/10/20 23:35:25 📈 平均处理时间: 无处理文件
2025/10/20 23:35:25 ⏱️  处理时间最长的文件:
2025/10/20 23:35:25 📊 文件数量验证:
2025/10/20 23:35:25    原始视频文件数: 0
2025/10/20 23:35:25    成功重新包装视频: 0
2025/10/20 23:35:25    重新包装失败/跳过: 0
2025/10/20 23:35:25    ---
2025/10/20 23:35:25    期望MOV文件数 (输出目录): 0
2025/10/20 23:35:25    实际MOV文件数 (输出目录): 3
2025/10/20 23:35:25    ---
2025/10/20 23:35:25    期望剩余视频文件数 (输入目录): 0
2025/10/20 23:35:25    实际剩余视频文件数 (输入目录): 0
2025/10/20 23:35:25 ❌ 文件数量验证失败。
2025/10/20 23:35:25    MOV文件数不匹配 (实际: 3, 期望: 0)
2025/10/20 23:35:25 🎯 ===== 处理摘要 =====
2025/10/20 23:35:25 ✅ 成功重新包装视频: 0
2025/10/20 23:35:25 ❌ 重新包装失败视频: 0
2025/10/20 23:35:25 📄 跳过其他文件: 0
2025/10/20 23:35:25 📊 ===== 大小统计 =====
2025/10/20 23:35:25 📥 原始总大小: 0.00 MB
2025/10/20 23:35:25 📤 重新包装后大小: 0.00 MB
2025/10/20 23:35:25 💾 节省空间: 0.00 MB (压缩率: NaN%)
2025/10/20 23:35:25 🎉 ===== 处理完成 =====
2025/10/20 23:36:43 🎥 视频重新包装工具 v1.0.0
2025/10/20 23:36:43 ✨ 作者: AI Assistant
2025/10/20 23:36:43 🔧 开始初始化...
2025/10/20 23:36:43 📂 扫描目录: /Users/nyamiiko/Documents/git/测试文件/闷茶子 原图_video_test
2025/10/20 23:36:43 ✅ 找到 3 个支持的视频文件
2025/10/20 23:36:43 ⚡ 启动处理进程 (工作线程: 10)
2025/10/20 23:36:43 🔄 开始处理: VIDEO_20230627_072411.mp4
2025/10/20 23:36:43 ⏭️  跳过已存在的文件: VIDEO_20230627_072411.mp4
2025/10/20 23:36:43 🔄 开始处理: QQ视频_79a995c4463eb8a258b386a0511953e51688178171.mp4
2025/10/20 23:36:43 🔄 开始处理: tEZZGOeggx086urYozKw010412003vE90E010.mp4
2025/10/20 23:36:43 ⏭️  跳过已存在的文件: QQ视频_79a995c4463eb8a258b386a0511953e51688178171.mp4
2025/10/20 23:36:43 ⏭️  跳过已存在的文件: tEZZGOeggx086urYozKw010412003vE90E010.mp4
2025/10/20 23:36:43 🎉 所有文件处理完成
2025/10/20 23:36:43 ⏱️  总处理时间: 1.3595ms
2025/10/20 23:36:43 🎯 ===== 详细处理摘要 =====
2025/10/20 23:36:43 📊 总处理时间: 1.3595ms
2025/10/20 23:36:43 📈 平均处理时间: 453.166µs
2025/10/20 23:36:43 🎥 .mp4格式: 3个文件, 成功率100.0%, 平均压缩率0.0%
2025/10/20 23:36:43 ⏱️  处理时间最长的文件:
2025/10/20 23:36:43    🐌 VIDEO_20230627_072411.mp4: 48.083µs
2025/10/20 23:36:43    🐌 tEZZGOeggx086urYozKw010412003vE90E010.mp4: 33.834µs
2025/10/20 23:36:43    🐌 QQ视频_79a995c4463eb8a258b386a0511953e51688178171.mp4: 26.166µs
2025/10/20 23:36:43 📊 文件数量验证:
2025/10/20 23:36:43    原始视频文件数: 3
2025/10/20 23:36:43    成功重新包装视频: 0
2025/10/20 23:36:43    重新包装失败/跳过: 3
2025/10/20 23:36:43    ---
2025/10/20 23:36:43    期望MOV文件数 (输出目录): 0
2025/10/20 23:36:43    实际MOV文件数 (输出目录): 3
2025/10/20 23:36:43    ---
2025/10/20 23:36:43    期望剩余视频文件数 (输入目录): 3
2025/10/20 23:36:43    实际剩余视频文件数 (输入目录): 3
2025/10/20 23:36:43 ❌ 文件数量验证失败。
2025/10/20 23:36:43    MOV文件数不匹配 (实际: 3, 期望: 0)
2025/10/20 23:36:43 🎯 ===== 处理摘要 =====
2025/10/20 23:36:43 ✅ 成功重新包装视频: 0
2025/10/20 23:36:43 ❌ 重新包装失败视频: 0
2025/10/20 23:36:43 📄 跳过其他文件: 3
2025/10/20 23:36:43 📊 ===== 大小统计 =====
2025/10/20 23:36:43 📥 原始总大小: 0.00 MB
2025/10/20 23:36:43 📤 重新包装后大小: 0.00 MB
2025/10/20 23:36:43 💾 节省空间: 0.00 MB (压缩率: NaN%)
2025/10/20 23:36:43 🎉 ===== 处理完成 =====
2025/10/20 23:38:19 🎥 视频重新包装工具 v1.0.0
2025/10/20 23:38:19 ✨ 作者: AI Assistant
2025/10/20 23:38:19 🔧 开始初始化...
2025/10/20 23:38:19 📂 扫描目录: /Users/nyamiiko/Documents/git/测试文件/闷茶子 原图_video_test
2025/10/20 23:38:19 ✅ 找到 3 个支持的视频文件
2025/10/20 23:38:19 ⚡ 启动处理进程 (工作线程: 10)
2025/10/20 23:38:19 🔄 开始处理: VIDEO_20230627_072411.mp4
2025/10/20 23:38:19 ⏭️  跳过已存在的文件: VIDEO_20230627_072411.mp4
2025/10/20 23:38:19 🔄 开始处理: tEZZGOeggx086urYozKw010412003vE90E010.mp4
2025/10/20 23:38:19 ⏭️  跳过已存在的文件: tEZZGOeggx086urYozKw010412003vE90E010.mp4
2025/10/20 23:38:19 🔄 开始处理: QQ视频_79a995c4463eb8a258b386a0511953e51688178171.mp4
2025/10/20 23:38:19 ⏭️  跳过已存在的文件: QQ视频_79a995c4463eb8a258b386a0511953e51688178171.mp4
2025/10/20 23:38:19 🎉 所有文件处理完成
2025/10/20 23:38:19 ⏱️  总处理时间: 4.393625ms
2025/10/20 23:38:19 🎯 ===== 详细处理摘要 =====
2025/10/20 23:38:19 📊 总处理时间: 4.393625ms
2025/10/20 23:38:19 📈 平均处理时间: 1.464541ms
2025/10/20 23:38:19 🎥 .mp4格式: 3个文件, 成功率100.0%, 平均压缩率0.0%
2025/10/20 23:38:19 ⏱️  处理时间最长的文件:
2025/10/20 23:38:19    🐌 QQ视频_79a995c4463eb8a258b386a0511953e51688178171.mp4: 106.083µs
2025/10/20 23:38:19    🐌 tEZZGOeggx086urYozKw010412003vE90E010.mp4: 75.916µs
2025/10/20 23:38:19    🐌 VIDEO_20230627_072411.mp4: 45.5µs
2025/10/20 23:38:19 📊 文件数量验证:
2025/10/20 23:38:19    原始视频文件数: 3
2025/10/20 23:38:19    成功重新包装视频: 0
2025/10/20 23:38:19    重新包装失败/跳过: 3
2025/10/20 23:38:19    ---
2025/10/20 23:38:19    期望MOV文件数 (输出目录): 0
2025/10/20 23:38:19    实际MOV文件数 (输出目录): 3
2025/10/20 23:38:19    ---
2025/10/20 23:38:19    期望剩余视频文件数 (输入目录): 3
2025/10/20 23:38:19    实际剩余视频文件数 (输入目录): 3
2025/10/20 23:38:19 ❌ 文件数量验证失败。
2025/10/20 23:38:19    MOV文件数不匹配 (实际: 3, 期望: 0)
2025/10/20 23:38:19 🎯 ===== 处理摘要 =====
2025/10/20 23:38:19 ✅ 成功重新包装视频: 0
2025/10/20 23:38:19 ❌ 重新包装失败视频: 0
2025/10/20 23:38:19 📄 跳过其他文件: 3
2025/10/20 23:38:19 📊 ===== 大小统计 =====
2025/10/20 23:38:19 📥 原始总大小: 0.00 MB
2025/10/20 23:38:19 📤 重新包装后大小: 0.00 MB
2025/10/20 23:38:19 💾 节省空间: 0.00 MB (压缩率: NaN%)
2025/10/20 23:38:19 🎉 ===== 处理完成 =====
2025/10/20 23:40:03 🎥 视频重新包装工具 v1.0.0
2025/10/20 23:40:03 ✨ 作者: AI Assistant
2025/10/20 23:40:03 🔧 开始初始化...
2025/10/20 23:40:03 📂 扫描目录: /Users/nyamiiko/Documents/git/测试文件/闷茶子 原图_video_test
2025/10/20 23:40:03 ✅ 找到 3 个支持的视频文件
2025/10/20 23:40:03 ⚡ 启动处理进程 (工作线程: 10)
2025/10/20 23:40:03 🔄 开始处理: VIDEO_20230627_072411.mp4
2025/10/20 23:40:03 ⏭️  跳过已存在的文件: VIDEO_20230627_072411.mp4
2025/10/20 23:40:03 🔄 开始处理: tEZZGOeggx086urYozKw010412003vE90E010.mp4
2025/10/20 23:40:03 ⏭️  跳过已存在的文件: tEZZGOeggx086urYozKw010412003vE90E010.mp4
2025/10/20 23:40:03 🔄 开始处理: QQ视频_79a995c4463eb8a258b386a0511953e51688178171.mp4
2025/10/20 23:40:03 ⏭️  跳过已存在的文件: QQ视频_79a995c4463eb8a258b386a0511953e51688178171.mp4
2025/10/20 23:40:03 🎉 所有文件处理完成
2025/10/20 23:40:03 ⏱️  总处理时间: 1.466667ms
2025/10/20 23:40:03 🎯 ===== 详细处理摘要 =====
2025/10/20 23:40:03 📊 总处理时间: 1.466667ms
2025/10/20 23:40:03 📈 平均处理时间: 488.889µs
2025/10/20 23:40:03 🎥 .mp4格式: 3个文件, 成功率100.0%, 平均压缩率0.0%
2025/10/20 23:40:03 ⏱️  处理时间最长的文件:
2025/10/20 23:40:03    🐌 QQ视频_79a995c4463eb8a258b386a0511953e51688178171.mp4: 51.167µs
2025/10/20 23:40:03    🐌 tEZZGOeggx086urYozKw010412003vE90E010.mp4: 46.625µs
2025/10/20 23:40:03    🐌 VIDEO_20230627_072411.mp4: 24.583µs
2025/10/20 23:40:03 📊 文件数量验证:
2025/10/20 23:40:03    原始视频文件数: 3
2025/10/20 23:40:03    成功重新包装视频: 0
2025/10/20 23:40:03    重新包装失败/跳过: 3
2025/10/20 23:40:03    ---
2025/10/20 23:40:03    期望MOV文件数 (输出目录): 0
2025/10/20 23:40:03    实际MOV文件数 (输出目录): 3
2025/10/20 23:40:03    ---
2025/10/20 23:40:03    期望剩余视频文件数 (输入目录): 3
2025/10/20 23:40:03    实际剩余视频文件数 (输入目录): 3
2025/10/20 23:40:03 ❌ 文件数量验证失败。
2025/10/20 23:40:03    MOV文件数不匹配 (实际: 3, 期望: 0)
2025/10/20 23:40:03 🎯 ===== 处理摘要 =====
2025/10/20 23:40:03 ✅ 成功重新包装视频: 0
2025/10/20 23:40:03 ❌ 重新包装失败视频: 0
2025/10/20 23:40:03 📄 跳过其他文件: 3
2025/10/20 23:40:03 📊 ===== 大小统计 =====
2025/10/20 23:40:03 📥 原始总大小: 0.00 MB
2025/10/20 23:40:03 📤 重新包装后大小: 0.00 MB
2025/10/20 23:40:03 💾 节省空间: 0.00 MB (压缩率: NaN%)
2025/10/20 23:40:03 🎉 ===== 处理完成 =====
2025/10/20 23:41:24 🎥 视频重新包装工具 v1.0.0
2025/10/20 23:41:24 ✨ 作者: AI Assistant
2025/10/20 23:41:24 🔧 开始初始化...
2025/10/20 23:41:24 📂 扫描目录: /Users/nyamiiko/Documents/git/测试文件/闷茶子 原图_video_test
2025/10/20 23:41:24 ✅ 找到 3 个支持的视频文件
2025/10/20 23:41:24 ⚡ 启动处理进程 (工作线程: 10)
2025/10/20 23:41:24 🔄 开始处理: VIDEO_20230627_072411.mp4
2025/10/20 23:41:24 🔄 开始处理: tEZZGOeggx086urYozKw010412003vE90E010.mp4
2025/10/20 23:41:24 ⏭️  跳过已存在的文件: tEZZGOeggx086urYozKw010412003vE90E010.mp4
2025/10/20 23:41:24 ⏭️  跳过已存在的文件: VIDEO_20230627_072411.mp4
2025/10/20 23:41:24 🔄 开始处理: QQ视频_79a995c4463eb8a258b386a0511953e51688178171.mp4
2025/10/20 23:41:24 ⏭️  跳过已存在的文件: QQ视频_79a995c4463eb8a258b386a0511953e51688178171.mp4
2025/10/20 23:41:24 🎉 所有文件处理完成
2025/10/20 23:41:24 ⏱️  总处理时间: 1.553042ms
2025/10/20 23:41:24 🎯 ===== 详细处理摘要 =====
2025/10/20 23:41:24 📊 总处理时间: 1.553042ms
2025/10/20 23:41:24 📈 平均处理时间: 517.68µs
2025/10/20 23:41:24 🎥 .mp4格式: 3个文件, 成功率100.0%, 平均压缩率0.0%
2025/10/20 23:41:24 ⏱️  处理时间最长的文件:
2025/10/20 23:41:24    🐌 VIDEO_20230627_072411.mp4: 56.791µs
2025/10/20 23:41:24    🐌 QQ视频_79a995c4463eb8a258b386a0511953e51688178171.mp4: 50.584µs
2025/10/20 23:41:24    🐌 tEZZGOeggx086urYozKw010412003vE90E010.mp4: 35.916µs
2025/10/20 23:41:24 📊 文件数量验证:
2025/10/20 23:41:24    原始视频文件数: 3
2025/10/20 23:41:24    成功重新包装视频: 0
2025/10/20 23:41:24    重新包装失败/跳过: 3
2025/10/20 23:41:24    ---
2025/10/20 23:41:24    期望MOV文件数 (输出目录): 0
2025/10/20 23:41:24    实际MOV文件数 (输出目录): 3
2025/10/20 23:41:24    ---
2025/10/20 23:41:24    期望剩余视频文件数 (输入目录): 3
2025/10/20 23:41:24    实际剩余视频文件数 (输入目录): 3
2025/10/20 23:41:24 ❌ 文件数量验证失败。
2025/10/20 23:41:24    MOV文件数不匹配 (实际: 3, 期望: 0)
2025/10/20 23:41:24 🎯 ===== 处理摘要 =====
2025/10/20 23:41:24 ✅ 成功重新包装视频: 0
2025/10/20 23:41:24 ❌ 重新包装失败视频: 0
2025/10/20 23:41:24 📄 跳过其他文件: 3
2025/10/20 23:41:24 📊 ===== 大小统计 =====
2025/10/20 23:41:24 📥 原始总大小: 0.00 MB
2025/10/20 23:41:24 📤 重新包装后大小: 0.00 MB
2025/10/20 23:41:24 💾 节省空间: 0.00 MB (压缩率: NaN%)
2025/10/20 23:41:24 🎉 ===== 处理完成 =====
2025/10/20 23:43:17 🎥 视频重新包装工具 v1.0.0
2025/10/20 23:43:17 ✨ 作者: AI Assistant
2025/10/20 23:43:17 🔧 开始初始化...
2025/10/20 23:43:17 📂 扫描目录: /Users/nyamiiko/Documents/git/测试文件/闷茶子 原图_video_test
2025/10/20 23:43:17 ✅ 找到 3 个支持的视频文件
2025/10/20 23:43:17 ⚡ 启动处理进程 (工作线程: 10)
2025/10/20 23:43:17 🔄 开始处理: VIDEO_20230627_072411.mp4
2025/10/20 23:43:17 ⏭️  跳过已存在的文件: VIDEO_20230627_072411.mp4
2025/10/20 23:43:17 🔄 开始处理: QQ视频_79a995c4463eb8a258b386a0511953e51688178171.mp4
2025/10/20 23:43:17 ⏭️  跳过已存在的文件: QQ视频_79a995c4463eb8a258b386a0511953e51688178171.mp4
2025/10/20 23:43:17 🔄 开始处理: tEZZGOeggx086urYozKw010412003vE90E010.mp4
2025/10/20 23:43:17 ⏭️  跳过已存在的文件: tEZZGOeggx086urYozKw010412003vE90E010.mp4
2025/10/20 23:43:17 🎉 所有文件处理完成
2025/10/20 23:43:17 ⏱️  总处理时间: 1.5285ms
2025/10/20 23:43:17 🎯 ===== 详细处理摘要 =====
2025/10/20 23:43:17 📊 总处理时间: 1.5285ms
2025/10/20 23:43:17 📈 平均处理时间: 509.5µs
2025/10/20 23:43:17 🎥 .mp4格式: 3个文件, 成功率100.0%, 平均压缩率0.0%
2025/10/20 23:43:17 ⏱️  处理时间最长的文件:
2025/10/20 23:43:17    🐌 tEZZGOeggx086urYozKw010412003vE90E010.mp4: 201.625µs
2025/10/20 23:43:17    🐌 VIDEO_20230627_072411.mp4: 185.792µs
2025/10/20 23:43:17    🐌 QQ视频_79a995c4463eb8a258b386a0511953e51688178171.mp4: 153.709µs
2025/10/20 23:43:17 📊 文件数量验证:
2025/10/20 23:43:17    原始视频文件数: 3
2025/10/20 23:43:17    成功重新包装视频: 0
2025/10/20 23:43:17    重新包装失败/跳过: 3
2025/10/20 23:43:17    ---
2025/10/20 23:43:17    期望MOV文件数 (输出目录): 0
2025/10/20 23:43:17    实际MOV文件数 (输出目录): 3
2025/10/20 23:43:17    ---
2025/10/20 23:43:17    期望剩余视频文件数 (输入目录): 3
2025/10/20 23:43:17    实际剩余视频文件数 (输入目录): 3
2025/10/20 23:43:17 ❌ 文件数量验证失败。
2025/10/20 23:43:17    MOV文件数不匹配 (实际: 3, 期望: 0)
2025/10/20 23:43:17 🎯 ===== 处理摘要 =====
2025/10/20 23:43:17 ✅ 成功重新包装视频: 0
2025/10/20 23:43:17 ❌ 重新包装失败视频: 0
2025/10/20 23:43:17 📄 跳过其他文件: 3
2025/10/20 23:43:17 📊 ===== 大小统计 =====
2025/10/20 23:43:17 📥 原始总大小: 0.00 MB
2025/10/20 23:43:17 📤 重新包装后大小: 0.00 MB
2025/10/20 23:43:17 💾 节省空间: 0.00 MB (压缩率: NaN%)
2025/10/20 23:43:17 🎉 ===== 处理完成 =====
2025/10/20 23:45:04 🎥 视频重新包装工具 v1.0.0
2025/10/20 23:45:04 ✨ 作者: AI Assistant
2025/10/20 23:45:04 🔧 开始初始化...
2025/10/20 23:45:04 📂 扫描目录: /Users/nyamiiko/Documents/git/测试文件/闷茶子 原图_video_test
2025/10/20 23:45:04 ✅ 找到 3 个支持的视频文件
2025/10/20 23:45:04 ⚡ 启动处理进程 (工作线程: 10)
2025/10/20 23:45:04 🔄 开始处理: QQ视频_79a995c4463eb8a258b386a0511953e51688178171.mp4
2025/10/20 23:45:04 🔄 开始处理: tEZZGOeggx086urYozKw010412003vE90E010.mp4
2025/10/20 23:45:04 ⏭️  跳过已存在的文件: QQ视频_79a995c4463eb8a258b386a0511953e51688178171.mp4
2025/10/20 23:45:04 ⏭️  跳过已存在的文件: tEZZGOeggx086urYozKw010412003vE90E010.mp4
2025/10/20 23:45:04 🔄 开始处理: VIDEO_20230627_072411.mp4
2025/10/20 23:45:04 ⏭️  跳过已存在的文件: VIDEO_20230627_072411.mp4
2025/10/20 23:45:04 🎉 所有文件处理完成
2025/10/20 23:45:04 ⏱️  总处理时间: 1.6525ms
2025/10/20 23:45:04 🎯 ===== 详细处理摘要 =====
2025/10/20 23:45:04 📊 总处理时间: 1.6525ms
2025/10/20 23:45:04 📈 平均处理时间: 550.833µs
2025/10/20 23:45:04 🎥 .mp4格式: 3个文件, 成功率100.0%, 平均压缩率0.0%
2025/10/20 23:45:04 ⏱️  处理时间最长的文件:
2025/10/20 23:45:04    🐌 VIDEO_20230627_072411.mp4: 353.208µs
2025/10/20 23:45:04    🐌 tEZZGOeggx086urYozKw010412003vE90E010.mp4: 332.75µs
2025/10/20 23:45:04    🐌 QQ视频_79a995c4463eb8a258b386a0511953e51688178171.mp4: 299.417µs
2025/10/20 23:45:04 📊 文件数量验证:
2025/10/20 23:45:04    原始视频文件数: 3
2025/10/20 23:45:04    成功重新包装视频: 0
2025/10/20 23:45:04    重新包装失败/跳过: 3
2025/10/20 23:45:04    ---
2025/10/20 23:45:04    期望MOV文件数 (输出目录): 0
2025/10/20 23:45:04    实际MOV文件数 (输出目录): 3
2025/10/20 23:45:04    ---
2025/10/20 23:45:04    期望剩余视频文件数 (输入目录): 3
2025/10/20 23:45:04    实际剩余视频文件数 (输入目录): 3
2025/10/20 23:45:04 ❌ 文件数量验证失败。
2025/10/20 23:45:04    MOV文件数不匹配 (实际: 3, 期望: 0)
2025/10/20 23:45:04 🎯 ===== 处理摘要 =====
2025/10/20 23:45:04 ✅ 成功重新包装视频: 0
2025/10/20 23:45:04 ❌ 重新包装失败视频: 0
2025/10/20 23:45:04 📄 跳过其他文件: 3
2025/10/20 23:45:04 📊 ===== 大小统计 =====
2025/10/20 23:45:04 📥 原始总大小: 0.00 MB
2025/10/20 23:45:04 📤 重新包装后大小: 0.00 MB
2025/10/20 23:45:04 💾 节省空间: 0.00 MB (压缩率: NaN%)
2025/10/20 23:45:04 🎉 ===== 处理完成 =====
2025/10/20 23:49:51 🎥 视频重新包装工具 v1.0.0
2025/10/20 23:49:51 ✨ 作者: AI Assistant
2025/10/20 23:49:51 🔧 开始初始化...
2025/10/20 23:49:51 📂 扫描目录: /Users/nyamiiko/Documents/git/测试文件/闷茶子 原图_video_test
2025/10/20 23:49:51 ✅ 找到 3 个支持的视频文件
2025/10/20 23:49:51 ⚡ 启动处理进程 (工作线程: 10)
2025/10/20 23:49:51 🔄 开始处理: VIDEO_20230627_072411.mp4
2025/10/20 23:49:51 🔄 开始重新包装 VIDEO_20230627_072411.mp4 (尝试 1/3)
2025/10/20 23:49:51 🔄 开始处理: QQ视频_79a995c4463eb8a258b386a0511953e51688178171.mp4
2025/10/20 23:49:51 🔄 开始重新包装 QQ视频_79a995c4463eb8a258b386a0511953e51688178171.mp4 (尝试 1/3)
2025/10/20 23:49:51 🔄 开始处理: tEZZGOeggx086urYozKw010412003vE90E010.mp4
2025/10/20 23:49:51 🔄 开始重新包装 tEZZGOeggx086urYozKw010412003vE90E010.mp4 (尝试 1/3)
2025/10/20 23:49:51 📋 元数据复制成功: QQ视频_79a995c4463eb8a258b386a0511953e51688178171.mp4
2025/10/20 23:49:51 ✅ 重新包装完成: QQ视频_79a995c4463eb8a258b386a0511953e51688178171.mp4 -> QQ视频_79a995c4463eb8a258b386a0511953e51688178171.mov
2025/10/20 23:49:51 🗑️  已删除原始文件: QQ视频_79a995c4463eb8a258b386a0511953e51688178171.mp4
2025/10/20 23:49:51 📋 元数据复制成功: tEZZGOeggx086urYozKw010412003vE90E010.mp4
2025/10/20 23:49:51 ✅ 重新包装完成: tEZZGOeggx086urYozKw010412003vE90E010.mp4 -> tEZZGOeggx086urYozKw010412003vE90E010.mov
2025/10/20 23:49:51 🗑️  已删除原始文件: tEZZGOeggx086urYozKw010412003vE90E010.mp4
2025/10/20 23:49:51 📋 元数据复制成功: VIDEO_20230627_072411.mp4
2025/10/20 23:49:51 ✅ 重新包装完成: VIDEO_20230627_072411.mp4 -> VIDEO_20230627_072411.mov
2025/10/20 23:49:51 🗑️  已删除原始文件: VIDEO_20230627_072411.mp4
2025/10/20 23:49:51 🎉 所有文件处理完成
2025/10/20 23:49:51 ⏱️  总处理时间: 466.983584ms
2025/10/20 23:49:51 🎯 ===== 详细处理摘要 =====
2025/10/20 23:49:51 📊 总处理时间: 466.983584ms
2025/10/20 23:49:51 📈 平均处理时间: 155.661194ms
2025/10/20 23:49:51 🎥 .mp4格式: 3个文件, 成功率100.0%, 平均压缩率-0.1%
2025/10/20 23:49:51 ⏱️  处理时间最长的文件:
2025/10/20 23:49:51    🐌 VIDEO_20230627_072411.mp4: 463.487208ms
2025/10/20 23:49:51    🐌 tEZZGOeggx086urYozKw010412003vE90E010.mp4: 461.557334ms
2025/10/20 23:49:51    🐌 QQ视频_79a995c4463eb8a258b386a0511953e51688178171.mp4: 459.832833ms
2025/10/20 23:49:51 📊 文件数量验证:
2025/10/20 23:49:51    原始视频文件数: 3
2025/10/20 23:49:51    成功重新包装视频: 3
2025/10/20 23:49:51    重新包装失败/跳过: 0
2025/10/20 23:49:51    ---
2025/10/20 23:49:51    期望MOV文件数 (输出目录): 3
2025/10/20 23:49:51    实际MOV文件数 (输出目录): 3
2025/10/20 23:49:51    ---
2025/10/20 23:49:51    期望剩余视频文件数 (输入目录): 0
2025/10/20 23:49:51    实际剩余视频文件数 (输入目录): 0
2025/10/20 23:49:51 ✅ 文件数量验证通过。
2025/10/20 23:49:51 🎯 ===== 处理摘要 =====
2025/10/20 23:49:51 ✅ 成功重新包装视频: 3
2025/10/20 23:49:51 ❌ 重新包装失败视频: 0
2025/10/20 23:49:51 📄 跳过其他文件: 0
2025/10/20 23:49:51 📊 ===== 大小统计 =====
2025/10/20 23:49:51 📥 原始总大小: 2.88 MB
2025/10/20 23:49:51 📤 重新包装后大小: 2.88 MB
2025/10/20 23:49:51 💾 节省空间: -0.00 MB (压缩率: 100.1%)
2025/10/20 23:49:51 🎉 ===== 处理完成 =====
